生成启动时间为 2020/6/27 15:41:48。
     1>项目“C:\Users\machenike\Desktop\FileManager\FileManager\FileManager.vcxproj”在节点 2 上(Build 个目标)。
     1>ClCompile:
         C:\Program Files (x86)\Microsoft Visual Studio 12.0\VC\bin\CL.exe /c /ZI /nologo /W3 /WX- /sdl /Od /Oy- /D _MBCS /Gm /EHsc /RTC1 /MDd /GS /fp:precise /Zc:wchar_t /Zc:forScope /Fo"Debug\\" /Fd"Debug\vc120.pdb" /Gd /TP /analyze- /errorReport:prompt FileManager.cpp MD5.cpp main.cpp test.cpp
         FileManager.cpp
         正在生成代码...
         正在跳过...(未检测到相关更改)
         test.cpp
         main.cpp
         MD5.cpp
       Link:
         C:\Program Files (x86)\Microsoft Visual Studio 12.0\VC\bin\link.exe /ERRORREPORT:PROMPT /OUT:"C:\Users\machenike\Desktop\FileManager\Debug\FileManager.exe" /INCREMENTAL /NOLOGO kernel32.lib user32.lib gdi32.lib winspool.lib comdlg32.lib advapi32.lib shell32.lib ole32.lib oleaut32.lib uuid.lib odbc32.lib odbccp32.lib /MANIFEST /MANIFESTUAC:"level='asInvoker' uiAccess='false'" /manifest:embed /DEBUG /PDB:"C:\Users\machenike\Desktop\FileManager\Debug\FileManager.pdb" /TLBID:1 /DYNAMICBASE /NXCOMPAT /IMPLIB:"C:\Users\machenike\Desktop\FileManager\Debug\FileManager.lib" /MACHINE:X86 Debug\FileManager.obj
         Debug\fileutil.obj
         Debug\main.obj
         Debug\MD5.obj
         Debug\test.obj
         FileManager.vcxproj -> C:\Users\machenike\Desktop\FileManager\Debug\FileManager.exe
     1>已完成生成项目“C:\Users\machenike\Desktop\FileManager\FileManager\FileManager.vcxproj”(Build 个目标)的操作。

生成成功。

已用时间 00:00:01.06
