生成启动时间为 2020/5/30 20:57:20。
     1>项目“C:\Users\machenike\Desktop\priority_queuq\priority_queuq\priority_queuq.vcxproj”在节点 2 上(Build 个目标)。
     1>ClCompile:
         C:\Program Files (x86)\Microsoft Visual Studio 12.0\VC\bin\CL.exe /c /ZI /nologo /W3 /WX- /sdl /Od /Oy- /D _MBCS /Gm /EHsc /RTC1 /MDd /GS /fp:precise /Zc:wchar_t /Zc:forScope /Fo"Debug\\" /Fd"Debug\vc120.pdb" /Gd /TP /analyze- /errorReport:prompt test.cpp
         test.cpp
     1>c:\users\machenike\desktop\priority_queuq\priority_queuq\priority_queue.h(48): warning C4018: “<”: 有符号/无符号不匹配
                 c:\users\machenike\desktop\priority_queuq\priority_queuq\priority_queue.h(44): 编译类 模板 成员函数“void my_std::priority_queue<int,std::vector<T,std::allocator<_Ty>>,my_std::less<T>>::Adjustdown(int)”时
                 with
                 [
                     T=int
         ,            _Ty=int
                 ]
                 c:\users\machenike\desktop\priority_queuq\priority_queuq\priority_queue.h(71): 参见对正在编译的函数 模板 实例化“void my_std::priority_queue<int,std::vector<T,std::allocator<_Ty>>,my_std::less<T>>::Adjustdown(int)”的引用
                 with
                 [
                     T=int
         ,            _Ty=int
                 ]
                 c:\users\machenike\desktop\priority_queuq\priority_queuq\priority_queue.h(90): 参见对正在编译的类 模板 实例化“my_std::priority_queue<int,std::vector<T,std::allocator<_Ty>>,my_std::less<T>>”的引用
                 with
                 [
                     T=int
         ,            _Ty=int
                 ]
     1>c:\users\machenike\desktop\priority_queuq\priority_queuq\priority_queue.h(50): warning C4018: “<”: 有符号/无符号不匹配
       Link:
         C:\Program Files (x86)\Microsoft Visual Studio 12.0\VC\bin\link.exe /ERRORREPORT:PROMPT /OUT:"C:\Users\machenike\Desktop\priority_queuq\Debug\priority_queuq.exe" /INCREMENTAL /NOLOGO kernel32.lib user32.lib gdi32.lib winspool.lib comdlg32.lib advapi32.lib shell32.lib ole32.lib oleaut32.lib uuid.lib odbc32.lib odbccp32.lib /MANIFEST /MANIFESTUAC:"level='asInvoker' uiAccess='false'" /manifest:embed /DEBUG /PDB:"C:\Users\machenike\Desktop\priority_queuq\Debug\priority_queuq.pdb" /TLBID:1 /DYNAMICBASE /NXCOMPAT /IMPLIB:"C:\Users\machenike\Desktop\priority_queuq\Debug\priority_queuq.lib" /MACHINE:X86 Debug\test.obj
         priority_queuq.vcxproj -> C:\Users\machenike\Desktop\priority_queuq\Debug\priority_queuq.exe
     1>已完成生成项目“C:\Users\machenike\Desktop\priority_queuq\priority_queuq\priority_queuq.vcxproj”(Build 个目标)的操作。

生成成功。

已用时间 00:00:00.73
