生成启动时间为 2020/5/12 14:56:01。
     1>项目“C:\Users\machenike\Desktop\String\String\String.vcxproj”在节点 2 上(Build 个目标)。
     1>ClCompile:
         C:\Program Files (x86)\Microsoft Visual Studio 12.0\VC\bin\CL.exe /c /ZI /nologo /W3 /WX- /sdl /Od /Oy- /D _MBCS /Gm /EHsc /RTC1 /MDd /GS /fp:precise /Zc:wchar_t /Zc:forScope /Fo"Debug\\" /Fd"Debug\vc120.pdb" /Gd /TP /analyze- /errorReport:prompt test.cpp
         test.cpp
     1>c:\users\machenike\desktop\string\string\string.h(285): warning C4521: “my_std::string”: 指定了多个复制构造函数
     1>c:\users\machenike\desktop\string\string\string.h(92): warning C4018: “<”: 有符号/无符号不匹配
     1>c:\users\machenike\desktop\string\string\string.h(97): warning C4018: “<”: 有符号/无符号不匹配
     1>c:\users\machenike\desktop\string\string\string.h(106): warning C4018: “>”: 有符号/无符号不匹配
     1>c:\users\machenike\desktop\string\string\string.h(119): warning C4018: “<”: 有符号/无符号不匹配
     1>c:\users\machenike\desktop\string\string\string.h(127): warning C4018: “>”: 有符号/无符号不匹配
     1>c:\users\machenike\desktop\string\string\string.h(132): warning C4018: “<”: 有符号/无符号不匹配
     1>c:\users\machenike\desktop\string\string\string.h(152): warning C4018: “>”: 有符号/无符号不匹配
     1>c:\users\machenike\desktop\string\string\string.h(189): warning C4018: “<”: 有符号/无符号不匹配
     1>c:\users\machenike\desktop\string\string\string.h(192): warning C4018: “>”: 有符号/无符号不匹配
     1>c:\users\machenike\desktop\string\string\string.h(202): warning C4018: “<”: 有符号/无符号不匹配
     1>c:\users\machenike\desktop\string\string\string.h(207): warning C4018: “>”: 有符号/无符号不匹配
     1>c:\users\machenike\desktop\string\string\string.h(213): warning C4018: “<”: 有符号/无符号不匹配
     1>c:\users\machenike\desktop\string\string\string.h(224): warning C4018: “<”: 有符号/无符号不匹配
     1>c:\users\machenike\desktop\string\string\string.h(290): warning C4018: “<”: 有符号/无符号不匹配
       Link:
         C:\Program Files (x86)\Microsoft Visual Studio 12.0\VC\bin\link.exe /ERRORREPORT:PROMPT /OUT:"C:\Users\machenike\Desktop\String\Debug\String.exe" /INCREMENTAL /NOLOGO kernel32.lib user32.lib gdi32.lib winspool.lib comdlg32.lib advapi32.lib shell32.lib ole32.lib oleaut32.lib uuid.lib odbc32.lib odbccp32.lib /MANIFEST /MANIFESTUAC:"level='asInvoker' uiAccess='false'" /manifest:embed /DEBUG /PDB:"C:\Users\machenike\Desktop\String\Debug\String.pdb" /TLBID:1 /DYNAMICBASE /NXCOMPAT /IMPLIB:"C:\Users\machenike\Desktop\String\Debug\String.lib" /MACHINE:X86 Debug\test.obj
         String.vcxproj -> C:\Users\machenike\Desktop\String\Debug\String.exe
     1>已完成生成项目“C:\Users\machenike\Desktop\String\String\String.vcxproj”(Build 个目标)的操作。

生成成功。

已用时间 00:00:01.20
